diff.astextplain.textconv=astextplain
filter.lfs.clean=git-lfs clean -- %f
filter.lfs.smudge=git-lfs smudge -- %f
filter.lfs.process=git-lfs filter-process
filter.lfs.required=true
http.sslbackend=schannel
core.autocrlf=true
core.fscache=true
core.symlinks=false
pull.rebase=false
credential.helper=manager
credential.https://dev.azure.com.usehttppath=true
init.defaultbranch=master
gui.recentrepo=C:/Users/ThinkPad/git-cbx
gui.recentrepo=D:/DeskTop/Projects/linkedin_jobs_scraper
user.name=ivanchencbx
user.email=ivanchen99@gmail.com
alias.i=init
filter.lfs.clean=git-lfs clean -- %f
filter.lfs.smudge=git-lfs smudge -- %f
filter.lfs.process=git-lfs filter-process
filter.lfs.required=true
core.repositoryformatversion=0
core.filemode=false
core.bare=false
core.logallrefupdates=true
core.symlinks=false
core.ignorecase=true
lfs.repositoryformatversion=0
remote.origin.url=https://github.com/ivanchencbx/linkedin_jobs_scraper.git
remote.origin.fetch=+refs/heads/*:refs/remotes/origin/*
